Using pre-set license
Built from '2021.3/staging' branch; Version is '2021.3.10f1 (1c7d0df0160b) revision 1867021'; Using compiler version '192829333'; Build Type 'Release'
OS: 'Windows 10  (10.0.19045) 64bit Professional' Language: 'ko' Physical Memory: 16318 MB
BatchMode: 1, IsHumanControllingUs: 0, StartBugReporterOnCrash: 0, Is64bit: 1, IsPro: 1

COMMAND LINE ARGUMENTS:
D:\2021.3.10f1\Editor\Unity.exe
-adb2
-batchMode
-noUpm
-name
AssetImportWorker0
-projectPath
D:/게임프로그래밍/Portfolio_KimSooYeun/개인프로젝트/SimpleShootingGame
-logFile
Logs/AssetImportWorker0.log
-srvPort
50085
Successfully changed project path to: D:/게임프로그래밍/Portfolio_KimSooYeun/개인프로젝트/SimpleShootingGame
D:/게임프로그래밍/Portfolio_KimSooYeun/개인프로젝트/SimpleShootingGame
[UnityMemory] Configuration Parameters - Can be set up in boot.config
    "memorysetup-bucket-allocator-granularity=16"
    "memorysetup-bucket-allocator-bucket-count=8"
    "memorysetup-bucket-allocator-block-size=33554432"
    "memorysetup-bucket-allocator-block-count=8"
    "memorysetup-main-allocator-block-size=16777216"
    "memorysetup-thread-allocator-block-size=16777216"
    "memorysetup-gfx-main-allocator-block-size=16777216"
    "memorysetup-gfx-thread-allocator-block-size=16777216"
    "memorysetup-cache-allocator-block-size=4194304"
    "memorysetup-typetree-allocator-block-size=2097152"
    "memorysetup-profiler-bucket-allocator-granularity=16"
    "memorysetup-profiler-bucket-allocator-bucket-count=8"
    "memorysetup-profiler-bucket-allocator-block-size=33554432"
    "memorysetup-profiler-bucket-allocator-block-count=8"
    "memorysetup-profiler-allocator-block-size=16777216"
    "memorysetup-profiler-editor-allocator-block-size=1048576"
    "memorysetup-temp-allocator-size-main=16777216"
    "memorysetup-job-temp-allocator-block-size=2097152"
    "memorysetup-job-temp-allocator-block-size-background=1048576"
    "memorysetup-job-temp-allocator-reduction-small-platforms=262144"
    "memorysetup-temp-allocator-size-background-worker=32768"
    "memorysetup-temp-allocator-size-job-worker=262144"
    "memorysetup-temp-allocator-size-preload-manager=33554432"
    "memorysetup-temp-allocator-size-nav-mesh-worker=65536"
    "memorysetup-temp-allocator-size-audio-worker=65536"
    "memorysetup-temp-allocator-size-cloud-worker=32768"
    "memorysetup-temp-allocator-size-gi-baking-worker=262144"
    "memorysetup-temp-allocator-size-gfx=262144"
Refreshing native plugins compatible for Editor in 88.49 ms, found 4 plugins.
Preloading 0 native plugins for Editor in 0.00 ms.
Initialize engine version: 2021.3.10f1 (1c7d0df0160b)
[Subsystems] Discovering subsystems at path D:/2021.3.10f1/Editor/Data/Resources/UnitySubsystems
[Subsystems] Discovering subsystems at path D:/게임프로그래밍/Portfolio_KimSooYeun/개인프로젝트/SimpleShootingGame/Assets
GfxDevice: creating device client; threaded=0; jobified=0
Direct3D:
    Version:  Direct3D 11.0 [level 11.1]
    Renderer: NVIDIA GeForce GTX 1060 6GB (ID=0x1c03)
    Vendor:   NVIDIA
    VRAM:     6052 MB
    Driver:   31.0.15.1694
Initialize mono
Mono path[0] = 'D:/2021.3.10f1/Editor/Data/Managed'
Mono path[1] = 'D:/2021.3.10f1/Editor/Data/MonoBleedingEdge/lib/mono/unityjit-win32'
Mono config path = 'D:/2021.3.10f1/Editor/Data/MonoBleedingEdge/etc'
Using monoOptions --debugger-agent=transport=dt_socket,embedding=1,server=y,suspend=n,address=127.0.0.1:56616
Begin MonoManager ReloadAssembly
Registering precompiled unity dll's ...
Register platform support module: D:/2021.3.10f1/Editor/Data/PlaybackEngines/WindowsStandaloneSupport/UnityEditor.WindowsStandalone.Extensions.dll
Registered in 0.001951 seconds.
Native extension for WindowsStandalone target not found
Refreshing native plugins compatible for Editor in 90.69 ms, found 4 plugins.
Preloading 0 native plugins for Editor in 0.00 ms.
Mono: successfully reloaded assembly
- Completed reload, in  0.592 seconds
Domain Reload Profiling:
	ReloadAssembly (593ms)
		BeginReloadAssembly (62ms)
			ExecutionOrderSort (0ms)
			DisableScriptedObjects (0ms)
			BackupInstance (0ms)
			ReleaseScriptingObjects (0ms)
			CreateAndSetChildDomain (1ms)
		EndReloadAssembly (439ms)
			LoadAssemblies (61ms)
			RebuildTransferFunctionScriptingTraits (0ms)
			SetupTypeCache (101ms)
			ReleaseScriptCaches (0ms)
			RebuildScriptCaches (28ms)
			SetupLoadedEditorAssemblies (265ms)
				LogAssemblyErrors (0ms)
				InitializePlatformSupportModulesInManaged (6ms)
				SetLoadedEditorAssemblies (0ms)
				RefreshPlugins (91ms)
				BeforeProcessingInitializeOnLoad (1ms)
				ProcessInitializeOnLoadAttributes (123ms)
				ProcessInitializeOnLoadMethodAttributes (43ms)
				AfterProcessingInitializeOnLoad (0ms)
				EditorAssembliesLoaded (0ms)
			ExecutionOrderSort2 (0ms)
			AwakeInstancesAfterBackupRestoration (0ms)
Platform modules already initialized, skipping
Registering precompiled user dll's ...
Registered in 0.005049 seconds.
Begin MonoManager ReloadAssembly
Symbol file LoadedFromMemory doesn't match image D:\게임프로그래밍\Portfolio_KimSooYeun\개인프로젝트\SimpleShootingGame\Library\PackageCache\com.unity.visualscripting@1.7.8\Editor\VisualScripting.Core\Dependencies\YamlDotNet\Unity.VisualScripting.YamlDotNet.dll
Symbol file LoadedFromMemory doesn't match image D:\게임프로그래밍\Portfolio_KimSooYeun\개인프로젝트\SimpleShootingGame\Library\PackageCache\com.unity.visualscripting@1.7.8\Editor\VisualScripting.Core\Dependencies\DotNetZip\Unity.VisualScripting.IonicZip.dll
Native extension for WindowsStandalone target not found
Refreshing native plugins compatible for Editor in 86.30 ms, found 4 plugins.
Preloading 0 native plugins for Editor in 0.00 ms.
Mono: successfully reloaded assembly
- Completed reload, in  2.677 seconds
Domain Reload Profiling:
	ReloadAssembly (2677ms)
		BeginReloadAssembly (1659ms)
			ExecutionOrderSort (0ms)
			DisableScriptedObjects (6ms)
			BackupInstance (0ms)
			ReleaseScriptingObjects (0ms)
			CreateAndSetChildDomain (19ms)
		EndReloadAssembly (906ms)
			LoadAssemblies (1636ms)
			RebuildTransferFunctionScriptingTraits (0ms)
			SetupTypeCache (241ms)
			ReleaseScriptCaches (1ms)
			RebuildScriptCaches (63ms)
			SetupLoadedEditorAssemblies (470ms)
				LogAssemblyErrors (0ms)
				InitializePlatformSupportModulesInManaged (3ms)
				SetLoadedEditorAssemblies (0ms)
				RefreshPlugins (86ms)
				BeforeProcessingInitializeOnLoad (96ms)
				ProcessInitializeOnLoadAttributes (237ms)
				ProcessInitializeOnLoadMethodAttributes (44ms)
				AfterProcessingInitializeOnLoad (2ms)
				EditorAssembliesLoaded (0ms)
			ExecutionOrderSort2 (0ms)
			AwakeInstancesAfterBackupRestoration (6ms)
Platform modules already initialized, skipping
========================================================================
Worker process is ready to serve import requests
Launched and connected shader compiler UnityShaderCompiler.exe after 0.07 seconds
Refreshing native plugins compatible for Editor in 0.69 ms, found 4 plugins.
Preloading 0 native plugins for Editor in 0.00 ms.
Unloading 4074 Unused Serialized files (Serialized files now loaded: 0)
Unloading 44 unused Assets / (229.1 KB). Loaded Objects now: 4524.
Memory consumption went from 152.9 MB to 152.6 MB.
Total: 3.556000 ms (FindLiveObjects: 0.307600 ms CreateObjectMapping: 0.260100 ms MarkObjects: 2.845300 ms  DeleteObjects: 0.142400 ms)

AssetImportParameters requested are different than current active one (requested -> active):
  custom:video-decoder-ogg-theora: a1e56fd34408186e4bbccfd4996cb3dc -> 
  custom:container-muxer-webm: aa71ff27fc2769a1b78a27578f13a17b -> 
  custom:container-demuxer-webm: 4f35f7cbe854078d1ac9338744f61a02 -> 
  custom:video-encoder-webm-vp8: eb34c28f22e8b96e1ab97ce403110664 -> 
  custom:audio-encoder-webm-vorbis: bf7c407c2cedff20999df2af8eb42d56 -> 
  custom:framework-win-MediaFoundation: 216162199b28c13a410421893ffa2e32 -> 
  custom:container-demuxer-ogg: 62fdf1f143b41e24485cea50d1cbac27 -> 
  custom:video-decoder-webm-vp8: 9c59270c3fd7afecdb556c50c9e8de78 -> 
  custom:audio-decoder-ogg-vorbis: bf7c407c2cedff20999df2af8eb42d56 -> 
========================================================================
Received Import Request.
  Time since last request: 1264203.327639 seconds.
  path: Assets/ExtraAssets
  artifactKey: Guid(ee5ea4340e712c449aca669976db0ce6) Importer(815301076,1909f56bfc062723c751e8b465ee728b)
Start importing Assets/ExtraAssets using Guid(ee5ea4340e712c449aca669976db0ce6) Importer(815301076,1909f56bfc062723c751e8b465ee728b)  -> (artifact id: '15e98f23ba52b53e2a3e63b1f4556011') in 0.012737 seconds 
========================================================================
Received Prepare
Registering precompiled user dll's ...
Registered in 0.004807 seconds.
Begin MonoManager ReloadAssembly
Symbol file LoadedFromMemory doesn't match image D:\게임프로그래밍\Portfolio_KimSooYeun\개인프로젝트\SimpleShootingGame\Library\PackageCache\com.unity.visualscripting@1.7.8\Editor\VisualScripting.Core\Dependencies\YamlDotNet\Unity.VisualScripting.YamlDotNet.dll
Symbol file LoadedFromMemory doesn't match image D:\게임프로그래밍\Portfolio_KimSooYeun\개인프로젝트\SimpleShootingGame\Library\PackageCache\com.unity.visualscripting@1.7.8\Editor\VisualScripting.Core\Dependencies\DotNetZip\Unity.VisualScripting.IonicZip.dll
Native extension for WindowsStandalone target not found
Refreshing native plugins compatible for Editor in 0.76 ms, found 4 plugins.
Preloading 0 native plugins for Editor in 0.00 ms.
Mono: successfully reloaded assembly
- Completed reload, in  0.943 seconds
Domain Reload Profiling:
	ReloadAssembly (944ms)
		BeginReloadAssembly (123ms)
			ExecutionOrderSort (0ms)
			DisableScriptedObjects (7ms)
			BackupInstance (0ms)
			ReleaseScriptingObjects (0ms)
			CreateAndSetChildDomain (41ms)
		EndReloadAssembly (734ms)
			LoadAssemblies (74ms)
			RebuildTransferFunctionScriptingTraits (0ms)
			SetupTypeCache (229ms)
			ReleaseScriptCaches (1ms)
			RebuildScriptCaches (46ms)
			SetupLoadedEditorAssemblies (338ms)
				LogAssemblyErrors (0ms)
				InitializePlatformSupportModulesInManaged (11ms)
				SetLoadedEditorAssemblies (0ms)
				RefreshPlugins (1ms)
				BeforeProcessingInitializeOnLoad (74ms)
				ProcessInitializeOnLoadAttributes (209ms)
				ProcessInitializeOnLoadMethodAttributes (40ms)
				AfterProcessingInitializeOnLoad (2ms)
				EditorAssembliesLoaded (0ms)
			ExecutionOrderSort2 (0ms)
			AwakeInstancesAfterBackupRestoration (8ms)
Platform modules already initialized, skipping
Refreshing native plugins compatible for Editor in 1.77 ms, found 4 plugins.
Preloading 0 native plugins for Editor in 0.00 ms.
Unloading 4069 Unused Serialized files (Serialized files now loaded: 0)
Unloading 31 unused Assets / (195.2 KB). Loaded Objects now: 4527.
Memory consumption went from 152.9 MB to 152.7 MB.
Total: 3.447300 ms (FindLiveObjects: 0.259700 ms CreateObjectMapping: 0.168900 ms MarkObjects: 2.883600 ms  DeleteObjects: 0.134000 ms)

AssetImportParameters requested are different than current active one (requested -> active):
  custom:video-decoder-ogg-theora: a1e56fd34408186e4bbccfd4996cb3dc -> 
  custom:container-muxer-webm: aa71ff27fc2769a1b78a27578f13a17b -> 
  custom:container-demuxer-webm: 4f35f7cbe854078d1ac9338744f61a02 -> 
  custom:video-encoder-webm-vp8: eb34c28f22e8b96e1ab97ce403110664 -> 
  custom:audio-encoder-webm-vorbis: bf7c407c2cedff20999df2af8eb42d56 -> 
  custom:framework-win-MediaFoundation: 216162199b28c13a410421893ffa2e32 -> 
  custom:container-demuxer-ogg: 62fdf1f143b41e24485cea50d1cbac27 -> 
  custom:video-decoder-webm-vp8: 9c59270c3fd7afecdb556c50c9e8de78 -> 
  custom:audio-decoder-ogg-vorbis: bf7c407c2cedff20999df2af8eb42d56 -> 
========================================================================
Received Import Request.
  Time since last request: 13.329884 seconds.
  path: Assets/Scenes
  artifactKey: Guid(131a6b21c8605f84396be9f6751fb6e3) Importer(815301076,1909f56bfc062723c751e8b465ee728b)
Start importing Assets/Scenes using Guid(131a6b21c8605f84396be9f6751fb6e3) Importer(815301076,1909f56bfc062723c751e8b465ee728b)  -> (artifact id: '2c23e514d24f6b65fe96946cd87fc526') in 0.012215 seconds 
========================================================================
Received Import Request.
  Time since last request: 2.418477 seconds.
  path: Assets/Scenes/SampleScene.unity
  artifactKey: Guid(2cda990e2423bbf4892e6590ba056729) Importer(815301076,1909f56bfc062723c751e8b465ee728b)
Start importing Assets/Scenes/SampleScene.unity using Guid(2cda990e2423bbf4892e6590ba056729) Importer(815301076,1909f56bfc062723c751e8b465ee728b)  -> (artifact id: 'e24c38ded777c6eac716cf6ee885caa1') in 0.008023 seconds 
========================================================================
Received Import Request.
  Time since last request: 26.049154 seconds.
  path: Assets/Scenes/MainPlayScene.unity
  artifactKey: Guid(2cda990e2423bbf4892e6590ba056729) Importer(815301076,1909f56bfc062723c751e8b465ee728b)
Start importing Assets/Scenes/MainPlayScene.unity using Guid(2cda990e2423bbf4892e6590ba056729) Importer(815301076,1909f56bfc062723c751e8b465ee728b)  -> (artifact id: '170dcdf837478fc1f6ee23ee2ca3459a') in 0.007143 seconds 
========================================================================
Received Import Request.
  Time since last request: 11.942463 seconds.
  path: Assets/ExtraAssets/Space Shooter Assets/Artwork/player/player1.png
  artifactKey: Guid(4f3ca6c2ba5724c4c90aee322cf79137) Importer(815301076,1909f56bfc062723c751e8b465ee728b)
Start importing Assets/ExtraAssets/Space Shooter Assets/Artwork/player/player1.png using Guid(4f3ca6c2ba5724c4c90aee322cf79137) Importer(815301076,1909f56bfc062723c751e8b465ee728b)  -> (artifact id: 'aa6fad414b93c263bb0d6f55930c9f27') in 0.182700 seconds 
========================================================================
Received Import Request.
  Time since last request: 0.665722 seconds.
  path: Assets/ExtraAssets/Space Shooter Assets/Artwork/player/player2.png
  artifactKey: Guid(65019c4b741d6493d97d4072eff8e23b) Importer(815301076,1909f56bfc062723c751e8b465ee728b)
Start importing Assets/ExtraAssets/Space Shooter Assets/Artwork/player/player2.png using Guid(65019c4b741d6493d97d4072eff8e23b) Importer(815301076,1909f56bfc062723c751e8b465ee728b)  -> (artifact id: '2ad6ec987244b004b14b2e0d0d69d54b') in 0.016463 seconds 
========================================================================
Received Import Request.
  Time since last request: 42.541385 seconds.
  path: Assets/ExtraAssets/Space Shooter Assets/Artwork/player/player1.png
  artifactKey: Guid(4f3ca6c2ba5724c4c90aee322cf79137) Importer(815301076,1909f56bfc062723c751e8b465ee728b)
Start importing Assets/ExtraAssets/Space Shooter Assets/Artwork/player/player1.png using Guid(4f3ca6c2ba5724c4c90aee322cf79137) Importer(815301076,1909f56bfc062723c751e8b465ee728b)  -> (artifact id: '34a7dad2ed691b97e340390d1a31ea61') in 0.009242 seconds 
========================================================================
Received Import Request.
  Time since last request: 6.678090 seconds.
  path: Assets/ExtraAssets/Space Shooter Assets/Artwork/player/player1.png
  artifactKey: Guid(4f3ca6c2ba5724c4c90aee322cf79137) Importer(815301076,1909f56bfc062723c751e8b465ee728b)
Start importing Assets/ExtraAssets/Space Shooter Assets/Artwork/player/player1.png using Guid(4f3ca6c2ba5724c4c90aee322cf79137) Importer(815301076,1909f56bfc062723c751e8b465ee728b)  -> (artifact id: 'dc83d7f6948c24b81fd921d05856e7c7') in 0.009199 seconds 
========================================================================
Received Import Request.
  Time since last request: 34.170955 seconds.
  path: Assets/ExtraAssets/Space Shooter Assets/Artwork/player/player2.png
  artifactKey: Guid(65019c4b741d6493d97d4072eff8e23b) Importer(815301076,1909f56bfc062723c751e8b465ee728b)
Start importing Assets/ExtraAssets/Space Shooter Assets/Artwork/player/player2.png using Guid(65019c4b741d6493d97d4072eff8e23b) Importer(815301076,1909f56bfc062723c751e8b465ee728b)  -> (artifact id: '7b6672525a173d9856127bc27b9e1d7d') in 0.010144 seconds 
========================================================================
Received Import Request.
  Time since last request: 115.285843 seconds.
  path: Assets/ExtraAssets/Space Shooter Assets/Artwork/player/player3.png
  artifactKey: Guid(10af89f5b9af24605a83d05e21dfdeb5) Importer(815301076,1909f56bfc062723c751e8b465ee728b)
Start importing Assets/ExtraAssets/Space Shooter Assets/Artwork/player/player3.png using Guid(10af89f5b9af24605a83d05e21dfdeb5) Importer(815301076,1909f56bfc062723c751e8b465ee728b)  -> (artifact id: 'fd4a795f6966e87bb56e4687ff66b8aa') in 0.016724 seconds 
========================================================================
Received Import Request.
  Time since last request: 83.911494 seconds.
  path: Assets/ExtraAssets/Space Shooter Assets/Artwork/player
  artifactKey: Guid(4757c60e094b54619bede11ed49a13ac) Importer(815301076,1909f56bfc062723c751e8b465ee728b)
Start importing Assets/ExtraAssets/Space Shooter Assets/Artwork/player using Guid(4757c60e094b54619bede11ed49a13ac) Importer(815301076,1909f56bfc062723c751e8b465ee728b)  -> (artifact id: '177a0fcac8f3e98ba464f41e22276fbf') in 0.008918 seconds 
========================================================================
Received Import Request.
  Time since last request: 0.953868 seconds.
  path: Assets/ExtraAssets/Space Shooter Assets/Artwork/player/player1.controller
  artifactKey: Guid(ad2bc4f17653d44f48c57c17fe740e4c) Importer(815301076,1909f56bfc062723c751e8b465ee728b)
Start importing Assets/ExtraAssets/Space Shooter Assets/Artwork/player/player1.controller using Guid(ad2bc4f17653d44f48c57c17fe740e4c) Importer(815301076,1909f56bfc062723c751e8b465ee728b)  -> (artifact id: 'c856b8c711881fa0296372a0de66a577') in 0.019356 seconds 
========================================================================
Received Import Request.
  Time since last request: 0.753078 seconds.
  path: Assets/ExtraAssets/Space Shooter Assets/Artwork/player/Player-Animation.anim
  artifactKey: Guid(2a4809e6345f943788fc569a7723f6b2) Importer(815301076,1909f56bfc062723c751e8b465ee728b)
Start importing Assets/ExtraAssets/Space Shooter Assets/Artwork/player/Player-Animation.anim using Guid(2a4809e6345f943788fc569a7723f6b2) Importer(815301076,1909f56bfc062723c751e8b465ee728b)  -> (artifact id: 'c03630a56e411a76e3d2cd57086c5eca') in 0.008592 seconds 
========================================================================
Received Import Request.
  Time since last request: 23.585916 seconds.
  path: Assets/ExtraAssets/Space Shooter Assets/Artwork/shoot/shoot1.png
  artifactKey: Guid(12291d9aa888b41c58f66187eb386317) Importer(815301076,1909f56bfc062723c751e8b465ee728b)
Start importing Assets/ExtraAssets/Space Shooter Assets/Artwork/shoot/shoot1.png using Guid(12291d9aa888b41c58f66187eb386317) Importer(815301076,1909f56bfc062723c751e8b465ee728b)  -> (artifact id: 'f91ee1a1d525e9a8c689e98a11c63b08') in 0.015508 seconds 
========================================================================
Received Import Request.
  Time since last request: 1.046463 seconds.
  path: Assets/ExtraAssets/Space Shooter Assets/Artwork/shoot/shoot2.png
  artifactKey: Guid(5ed891a8765a748118b877982d422583) Importer(815301076,1909f56bfc062723c751e8b465ee728b)
Start importing Assets/ExtraAssets/Space Shooter Assets/Artwork/shoot/shoot2.png using Guid(5ed891a8765a748118b877982d422583) Importer(815301076,1909f56bfc062723c751e8b465ee728b)  -> (artifact id: '24ab9b3ddfc13f66980a473ba3b2efd0') in 0.015994 seconds 
========================================================================
Received Import Request.
  Time since last request: 173.718370 seconds.
  path: Assets/ExtraAssets/Space Shooter Assets
  artifactKey: Guid(9bc68ea15de3d5b4fb0b8ea3f9dafee6) Importer(815301076,1909f56bfc062723c751e8b465ee728b)
Start importing Assets/ExtraAssets/Space Shooter Assets using Guid(9bc68ea15de3d5b4fb0b8ea3f9dafee6) Importer(815301076,1909f56bfc062723c751e8b465ee728b)  -> (artifact id: 'f7a24d298d2b91b5254055ffb0ceca2f') in 0.007172 seconds 
========================================================================
Received Import Request.
  Time since last request: 12.950609 seconds.
  path: Assets/Animation
  artifactKey: Guid(d5421225347f8d141ac358930f973150) Importer(815301076,1909f56bfc062723c751e8b465ee728b)
Start importing Assets/Animation using Guid(d5421225347f8d141ac358930f973150) Importer(815301076,1909f56bfc062723c751e8b465ee728b)  -> (artifact id: '606e06617630bafac9f51bb630d02d59') in 0.007598 seconds 
========================================================================
Received Import Request.
  Time since last request: 10.434527 seconds.
  path: Assets/Animation/Player.controller
  artifactKey: Guid(7bd5ce41c9c1c7c428554152b0791f59) Importer(815301076,1909f56bfc062723c751e8b465ee728b)
Start importing Assets/Animation/Player.controller using Guid(7bd5ce41c9c1c7c428554152b0791f59) Importer(815301076,1909f56bfc062723c751e8b465ee728b)  -> (artifact id: 'a12b36539cc5dd28927e66e9b2060082') in 0.008393 seconds 
========================================================================
Received Import Request.
  Time since last request: 357.081205 seconds.
  path: Assets/Animation/Player.controller
  artifactKey: Guid(7bd5ce41c9c1c7c428554152b0791f59) Importer(815301076,1909f56bfc062723c751e8b465ee728b)
Start importing Assets/Animation/Player.controller using Guid(7bd5ce41c9c1c7c428554152b0791f59) Importer(815301076,1909f56bfc062723c751e8b465ee728b)  -> (artifact id: '24208d233d99907aaa7ba33886b39992') in 0.003367 seconds 
========================================================================
Received Prepare
Registering precompiled user dll's ...
Registered in 0.005038 seconds.
Begin MonoManager ReloadAssembly
Symbol file LoadedFromMemory doesn't match image D:\게임프로그래밍\Portfolio_KimSooYeun\개인프로젝트\SimpleShootingGame\Library\PackageCache\com.unity.visualscripting@1.7.8\Editor\VisualScripting.Core\Dependencies\YamlDotNet\Unity.VisualScripting.YamlDotNet.dll
Symbol file LoadedFromMemory doesn't match image D:\게임프로그래밍\Portfolio_KimSooYeun\개인프로젝트\SimpleShootingGame\Library\PackageCache\com.unity.visualscripting@1.7.8\Editor\VisualScripting.Core\Dependencies\DotNetZip\Unity.VisualScripting.IonicZip.dll
Native extension for WindowsStandalone target not found
Refreshing native plugins compatible for Editor in 99.44 ms, found 4 plugins.
Preloading 0 native plugins for Editor in 0.00 ms.
Mono: successfully reloaded assembly
- Completed reload, in  0.827 seconds
Domain Reload Profiling:
	ReloadAssembly (828ms)
		BeginReloadAssembly (124ms)
			ExecutionOrderSort (0ms)
			DisableScriptedObjects (7ms)
			BackupInstance (0ms)
			ReleaseScriptingObjects (0ms)
			CreateAndSetChildDomain (37ms)
		EndReloadAssembly (610ms)
			LoadAssemblies (63ms)
			RebuildTransferFunctionScriptingTraits (0ms)
			SetupTypeCache (162ms)
			ReleaseScriptCaches (1ms)
			RebuildScriptCaches (31ms)
			SetupLoadedEditorAssemblies (311ms)
				LogAssemblyErrors (0ms)
				InitializePlatformSupportModulesInManaged (10ms)
				SetLoadedEditorAssemblies (0ms)
				RefreshPlugins (100ms)
				BeforeProcessingInitializeOnLoad (85ms)
				ProcessInitializeOnLoadAttributes (96ms)
				ProcessInitializeOnLoadMethodAttributes (18ms)
				AfterProcessingInitializeOnLoad (2ms)
				EditorAssembliesLoaded (0ms)
			ExecutionOrderSort2 (0ms)
			AwakeInstancesAfterBackupRestoration (6ms)
Platform modules already initialized, skipping
Refreshing native plugins compatible for Editor in 2.08 ms, found 4 plugins.
Preloading 0 native plugins for Editor in 0.00 ms.
Unloading 4413 Unused Serialized files (Serialized files now loaded: 0)
Unloading 32 unused Assets / (195.4 KB). Loaded Objects now: 4878.
Memory consumption went from 168.4 MB to 168.2 MB.
Total: 2.436200 ms (FindLiveObjects: 0.268200 ms CreateObjectMapping: 0.185100 ms MarkObjects: 1.856100 ms  DeleteObjects: 0.126200 ms)

AssetImportParameters requested are different than current active one (requested -> active):
  custom:video-decoder-ogg-theora: a1e56fd34408186e4bbccfd4996cb3dc -> 
  custom:container-muxer-webm: aa71ff27fc2769a1b78a27578f13a17b -> 
  custom:container-demuxer-webm: 4f35f7cbe854078d1ac9338744f61a02 -> 
  custom:postprocessor/textureSprite: 704a9d4329f3af01b3a5c89999a88182 -> 1909f56bfc062723c751e8b465ee728b
  custom:video-encoder-webm-vp8: eb34c28f22e8b96e1ab97ce403110664 -> 
  custom:audio-encoder-webm-vorbis: bf7c407c2cedff20999df2af8eb42d56 -> 
  custom:framework-win-MediaFoundation: 216162199b28c13a410421893ffa2e32 -> 
  custom:container-demuxer-ogg: 62fdf1f143b41e24485cea50d1cbac27 -> 
  custom:video-decoder-webm-vp8: 9c59270c3fd7afecdb556c50c9e8de78 -> 
  custom:audio-decoder-ogg-vorbis: bf7c407c2cedff20999df2af8eb42d56 -> 
